software/android/pytorch/ObjectDetection/app/build/intermediates/manifest_merge_blame_file/debug/manifest-merger-blame-debug-report.txt
1<?xml version="1.0" encoding="utf-8"?>
2<manifest xmlns:android="http://schemas.android.com/apk/res/android"
3    package="org.pytorch.demo.objectdetection"
4    android:versionCode="1"
5    android:versionName="1.0" >
6
7    <uses-sdk
8        android:minSdkVersion="27"
8-->src\main\AndroidManifest.xml
9        android:targetSdkVersion="30" />
9-->src\main\AndroidManifest.xml
10
11    <uses-permission android:name="android.permission.READ_EXTERNAL_STORAGE" />
11-->src\main\AndroidManifest.xml:6:5-80
11-->src\main\AndroidManifest.xml:6:22-77
12    <uses-permission android:name="android.permission.CAMERA" />
12-->src\main\AndroidManifest.xml:7:5-65
12-->src\main\AndroidManifest.xml:7:22-62
13
14    <application
14-->src\main\AndroidManifest.xml:10:5-31:19
15        android:allowBackup="true"
15-->src\main\AndroidManifest.xml:11:9-35
16        android:appComponentFactory="androidx.core.app.CoreComponentFactory"
16-->[androidx.core:core:1.3.1] AndroidManifest.xml:24:18-86
17        android:debuggable="true"
18        android:extractNativeLibs="false"
19        android:icon="@mipmap/ic_launcher"
19-->src\main\AndroidManifest.xml:12:9-43
20        android:label="@string/app_name"
20-->src\main\AndroidManifest.xml:13:9-41
21        android:roundIcon="@mipmap/ic_launcher_round"
21-->src\main\AndroidManifest.xml:14:9-54
22        android:supportsRtl="true"
22-->src\main\AndroidManifest.xml:15:9-35
23        android:testOnly="true"
24        android:theme="@style/AppTheme" >
24-->src\main\AndroidManifest.xml:16:9-40
25        <activity
25-->src\main\AndroidManifest.xml:17:9-25:20
26            android:name="org.pytorch.demo.objectdetection.MainActivity"
26-->src\main\AndroidManifest.xml:18:13-41
27            android:configChanges="orientation"
27-->src\main\AndroidManifest.xml:19:13-48
28            android:screenOrientation="portrait" >
28-->src\main\AndroidManifest.xml:20:13-49
29            <intent-filter>
29-->src\main\AndroidManifest.xml:21:13-24:29
30                <action android:name="android.intent.action.MAIN" />
30-->src\main\AndroidManifest.xml:22:17-69
30-->src\main\AndroidManifest.xml:22:25-66
31
32                <category android:name="android.intent.category.LAUNCHER" />
32-->src\main\AndroidManifest.xml:23:17-77
32-->src\main\AndroidManifest.xml:23:27-74
33            </intent-filter>
34        </activity>
35        <activity
35-->src\main\AndroidManifest.xml:26:9-30:20
36            android:name="org.pytorch.demo.objectdetection.ObjectDetectionActivity"
36-->src\main\AndroidManifest.xml:27:13-52
37            android:configChanges="orientation"
37-->src\main\AndroidManifest.xml:28:13-48
38            android:screenOrientation="portrait" >
38-->src\main\AndroidManifest.xml:29:13-49
39        </activity>
40
41        <provider
41-->[androidx.camera:camera-camera2:1.0.0-alpha05] AndroidManifest.xml:25:9-30:43
42            android:name="androidx.camera.camera2.impl.Camera2Initializer"
42-->[androidx.camera:camera-camera2:1.0.0-alpha05] AndroidManifest.xml:26:13-75
43            android:authorities="org.pytorch.demo.objectdetection.camerax-init"
43-->[androidx.camera:camera-camera2:1.0.0-alpha05] AndroidManifest.xml:27:13-64
44            android:exported="false"
44-->[androidx.camera:camera-camera2:1.0.0-alpha05] AndroidManifest.xml:28:13-37
45            android:initOrder="100"
45-->[androidx.camera:camera-camera2:1.0.0-alpha05] AndroidManifest.xml:29:13-36
46            android:multiprocess="true" />
46-->[androidx.camera:camera-camera2:1.0.0-alpha05] AndroidManifest.xml:30:13-40
47    </application>
48
49</manifest>